{"@timestamp":"2025-02-11T07:31:58.202731806+02:00","logger_name":"org.hibernate.validator.internal.util.Version","level":"INFO","message":"HV000001: Hibernate Validator 8.0.1.Final"}
{"@timestamp":"2025-02-11T07:31:58.338160299+02:00","logger_name":"io.valentinsoare.rianamonitoringapi.RianaMonitoringApiApplication","level":"INFO","message":"Starting RianaMonitoringApiApplication v0.0.1-SNAPSHOT using Java 21.0.6 with PID 14367 (/mnt/c/Users/U6101721/Documents/Work/Riana/riana_monitoring/target/riana_monitoring-0.0.1-SNAPSHOT.jar started by vsoare in /mnt/c/Users/U6101721/Documents/Work/Riana/riana_monitoring/target)"}
{"@timestamp":"2025-02-11T07:31:58.339917846+02:00","logger_name":"io.valentinsoare.rianamonitoringapi.RianaMonitoringApiApplication","level":"INFO","message":"The following 1 profile is active: \"dev\""}
{"@timestamp":"2025-02-11T07:32:01.193210405+02:00","logger_name":"org.springframework.web.reactive.result.method.annotation.RequestMappingHandlerMapping","level":"DEBUG","message":"11 mappings in 'requestMappingHandlerMapping'"}
{"@timestamp":"2025-02-11T07:32:01.210635177+02:00","logger_name":"org.springframework.web.reactive.handler.SimpleUrlHandlerMapping","level":"DEBUG","message":"Patterns [/webjars/**, /**, /api/v1/riana/monitoring/webjars/**] in 'resourceHandlerMapping'"}
{"@timestamp":"2025-02-11T07:32:01.395140112+02:00","logger_name":"org.springframework.web.reactive.result.method.annotation.ControllerMethodResolver","level":"DEBUG","message":"ControllerAdvice beans: 0 @ModelAttribute, 0 @InitBinder, 2 @ExceptionHandler"}
{"@timestamp":"2025-02-11T07:32:01.449572288+02:00","logger_name":"org.springframework.web.server.adapter.HttpWebHandlerAdapter","level":"DEBUG","message":"enableLoggingRequestDetails='false': form data and headers will be masked to prevent unsafe logging of potentially sensitive data"}
{"@timestamp":"2025-02-11T07:32:01.826655624+02:00","logger_name":"io.valentinsoare.rianamonitoringapi.RianaMonitoringApiApplication","level":"INFO","message":"Started RianaMonitoringApiApplication in 4.796 seconds (process running for 5.633)"}
{"@timestamp":"2025-02-11T07:32:18.605623268+02:00","logger_name":"org.springframework.web.server.adapter.HttpWebHandlerAdapter","level":"DEBUG","message":"[8a2fbedd-1] HTTP GET \"/api/v1/riana/monitoring/swagger-ui\""}
{"@timestamp":"2025-02-11T07:32:18.6469285+02:00","logger_name":"org.springframework.web.reactive.result.method.annotation.RequestMappingHandlerMapping","level":"DEBUG","message":"[8a2fbedd-1] Mapped to org.springdoc.webflux.ui.SwaggerWelcomeWebFlux#redirectToUi(ServerHttpRequest, ServerHttpResponse)"}
{"@timestamp":"2025-02-11T07:32:18.701973816+02:00","logger_name":"org.springframework.web.server.adapter.HttpWebHandlerAdapter","level":"DEBUG","message":"[8a2fbedd-1] Completed 302 FOUND"}
{"@timestamp":"2025-02-11T07:32:18.715914596+02:00","logger_name":"org.springframework.web.server.adapter.HttpWebHandlerAdapter","level":"DEBUG","message":"[8a2fbedd-2] HTTP GET \"/api/v1/riana/monitoring/webjars/swagger-ui/index.html\""}
{"@timestamp":"2025-02-11T07:32:18.719371144+02:00","logger_name":"org.springframework.web.reactive.handler.SimpleUrlHandlerMapping","level":"DEBUG","message":"[8a2fbedd-2] Mapped to ResourceWebHandler [classpath [META-INF/resources/webjars/]]"}
{"@timestamp":"2025-02-11T07:32:18.816927889+02:00","logger_name":"org.springframework.web.server.adapter.HttpWebHandlerAdapter","level":"DEBUG","message":"[8a2fbedd-2] Completed 200 OK"}
{"@timestamp":"2025-02-11T07:32:18.996273433+02:00","logger_name":"org.springframework.web.server.adapter.HttpWebHandlerAdapter","level":"DEBUG","message":"[8a2fbedd-3] HTTP GET \"/v3/api-docs/swagger-config\""}
{"@timestamp":"2025-02-11T07:32:19.000137851+02:00","logger_name":"org.springframework.web.reactive.result.method.annotation.RequestMappingHandlerMapping","level":"DEBUG","message":"[8a2fbedd-3] Mapped to org.springdoc.webflux.ui.SwaggerConfigResource#getSwaggerUiConfig(ServerHttpRequest)"}
{"@timestamp":"2025-02-11T07:32:19.010600314+02:00","logger_name":"org.springframework.web.reactive.result.method.annotation.ResponseBodyResultHandler","level":"DEBUG","message":"[8a2fbedd-3] Using 'application/json' given [*/*] and supported [application/json]"}
{"@timestamp":"2025-02-11T07:32:19.011906214+02:00","logger_name":"org.springframework.web.reactive.result.method.annotation.ResponseBodyResultHandler","level":"DEBUG","message":"[8a2fbedd-3] 0..1 [java.util.Map<java.lang.String, java.lang.Object>]"}
{"@timestamp":"2025-02-11T07:32:19.05165839+02:00","logger_name":"org.springframework.web.HttpLogging","level":"DEBUG","message":"[8a2fbedd-3] Encoding [{configUrl=/v3/api-docs/swagger-config, defaultModelsExpandDepth=-1, oauth2RedirectUrl=http://localh (truncated)...]"}
{"@timestamp":"2025-02-11T07:32:19.110875687+02:00","logger_name":"org.springframework.web.server.adapter.HttpWebHandlerAdapter","level":"DEBUG","message":"[8a2fbedd-3] Completed 200 OK"}
{"@timestamp":"2025-02-11T07:32:19.13025744+02:00","logger_name":"org.springframework.web.server.adapter.HttpWebHandlerAdapter","level":"DEBUG","message":"[8a2fbedd-4] HTTP GET \"/v3/api-docs/Riana%20Monitoring%20API\""}
{"@timestamp":"2025-02-11T07:32:19.13200522+02:00","logger_name":"org.springframework.web.reactive.result.method.annotation.RequestMappingHandlerMapping","level":"DEBUG","message":"[8a2fbedd-4] Mapped to org.springdoc.webflux.api.MultipleOpenApiWebFluxResource#openapiJson(ServerHttpRequest, String, String, Locale)"}
{"@timestamp":"2025-02-11T07:32:19.568296153+02:00","logger_name":"org.springdoc.api.AbstractOpenApiResource","level":"INFO","message":"Init duration for springdoc-openapi is: 406 ms"}
{"@timestamp":"2025-02-11T07:32:19.594264257+02:00","logger_name":"org.springframework.web.reactive.result.method.annotation.ResponseBodyResultHandler","level":"DEBUG","message":"[8a2fbedd-4] Using 'application/json' given [application/json, */*] and supported [application/json]"}
{"@timestamp":"2025-02-11T07:32:19.594954996+02:00","logger_name":"org.springframework.web.reactive.result.method.annotation.ResponseBodyResultHandler","level":"DEBUG","message":"[8a2fbedd-4] 0..1 [byte[]]"}
{"@timestamp":"2025-02-11T07:32:19.596364376+02:00","logger_name":"org.springframework.web.HttpLogging","level":"DEBUG","message":"[8a2fbedd-4] Writing 6373 bytes"}
{"@timestamp":"2025-02-11T07:32:19.598476442+02:00","logger_name":"org.springframework.web.server.adapter.HttpWebHandlerAdapter","level":"DEBUG","message":"[8a2fbedd-4] Completed 200 OK"}
{"@timestamp":"2025-02-11T07:32:31.039927068+02:00","logger_name":"org.springframework.web.server.adapter.HttpWebHandlerAdapter","level":"DEBUG","message":"[8a2fbedd-5] HTTP GET \"/v3/api-docs/Actuator\""}
{"@timestamp":"2025-02-11T07:32:31.043169081+02:00","logger_name":"org.springframework.web.reactive.result.method.annotation.RequestMappingHandlerMapping","level":"DEBUG","message":"[8a2fbedd-5] Mapped to org.springdoc.webflux.api.MultipleOpenApiWebFluxResource#openapiJson(ServerHttpRequest, String, String, Locale)"}
{"@timestamp":"2025-02-11T07:32:31.185867347+02:00","logger_name":"org.springdoc.api.AbstractOpenApiResource","level":"INFO","message":"Init duration for springdoc-openapi is: 139 ms"}
{"@timestamp":"2025-02-11T07:32:31.198173748+02:00","logger_name":"org.springframework.web.reactive.result.method.annotation.ResponseBodyResultHandler","level":"DEBUG","message":"[8a2fbedd-5] Using 'application/json' given [application/json, */*] and supported [application/json]"}
{"@timestamp":"2025-02-11T07:32:31.198881707+02:00","logger_name":"org.springframework.web.reactive.result.method.annotation.ResponseBodyResultHandler","level":"DEBUG","message":"[8a2fbedd-5] 0..1 [byte[]]"}
{"@timestamp":"2025-02-11T07:32:31.200014113+02:00","logger_name":"org.springframework.web.HttpLogging","level":"DEBUG","message":"[8a2fbedd-5] Writing 10852 bytes"}
{"@timestamp":"2025-02-11T07:32:31.201266917+02:00","logger_name":"org.springframework.web.server.adapter.HttpWebHandlerAdapter","level":"DEBUG","message":"[8a2fbedd-5] Completed 200 OK"}
{"@timestamp":"2025-02-11T07:32:32.219360579+02:00","logger_name":"org.springframework.web.server.adapter.HttpWebHandlerAdapter","level":"DEBUG","message":"[8a2fbedd-6] HTTP GET \"/v3/api-docs/Riana%20Monitoring%20API\""}
{"@timestamp":"2025-02-11T07:32:32.222481177+02:00","logger_name":"org.springframework.web.reactive.result.method.annotation.RequestMappingHandlerMapping","level":"DEBUG","message":"[8a2fbedd-6] Mapped to org.springdoc.webflux.api.MultipleOpenApiWebFluxResource#openapiJson(ServerHttpRequest, String, String, Locale)"}
{"@timestamp":"2025-02-11T07:32:32.230802673+02:00","logger_name":"org.springframework.web.reactive.result.method.annotation.ResponseBodyResultHandler","level":"DEBUG","message":"[8a2fbedd-6] Using 'application/json' given [application/json, */*] and supported [application/json]"}
{"@timestamp":"2025-02-11T07:32:32.231802925+02:00","logger_name":"org.springframework.web.reactive.result.method.annotation.ResponseBodyResultHandler","level":"DEBUG","message":"[8a2fbedd-6] 0..1 [byte[]]"}
{"@timestamp":"2025-02-11T07:32:32.232599969+02:00","logger_name":"org.springframework.web.HttpLogging","level":"DEBUG","message":"[8a2fbedd-6] Writing 6373 bytes"}
{"@timestamp":"2025-02-11T07:32:32.234124745+02:00","logger_name":"org.springframework.web.server.adapter.HttpWebHandlerAdapter","level":"DEBUG","message":"[8a2fbedd-6] Completed 200 OK"}
{"@timestamp":"2025-02-11T07:32:38.318198199+02:00","logger_name":"org.springframework.web.server.adapter.HttpWebHandlerAdapter","level":"DEBUG","message":"[8a2fbedd-7] HTTP GET \"/api/v1/riana/monitoring/zone/external/ns-ip\""}
{"@timestamp":"2025-02-11T07:32:38.319660141+02:00","logger_name":"org.springframework.web.reactive.result.method.annotation.RequestMappingHandlerMapping","level":"DEBUG","message":"[8a2fbedd-7] Mapped to io.valentinsoare.rianamonitoringapi.controller.DnsQueryController#getIPAddressForNameservers()"}
{"@timestamp":"2025-02-11T07:32:38.323960827+02:00","logger_name":"org.springframework.web.reactive.result.method.annotation.ResponseBodyResultHandler","level":"DEBUG","message":"[8a2fbedd-7] Using 'application/json' given [*/*] and supported [application/json, application/*+json, application/x-ndjson, text/event-stream]"}
{"@timestamp":"2025-02-11T07:32:38.32465706+02:00","logger_name":"org.springframework.web.reactive.result.method.annotation.ResponseBodyResultHandler","level":"DEBUG","message":"[8a2fbedd-7] 0..N [io.valentinsoare.rianamonitoringapi.dto.ExternalDnsAnswer]"}
{"@timestamp":"2025-02-11T07:32:38.432255074+02:00","logger_name":"org.springframework.web.reactive.function.client.ExchangeFunctions","level":"DEBUG","message":"[22dc277a] HTTP GET https://dns.google/resolve?name=ns1.p68.dns.oraclecloud.net&type=A"}
{"@timestamp":"2025-02-11T07:32:38.432351816+02:00","logger_name":"org.springframework.web.reactive.function.client.ExchangeFunctions","level":"DEBUG","message":"[6606d2a6] HTTP GET https://dns.google/resolve?name=ns3.p68.dns.oraclecloud.net&type=A"}
{"@timestamp":"2025-02-11T07:32:38.432279554+02:00","logger_name":"org.springframework.web.reactive.function.client.ExchangeFunctions","level":"DEBUG","message":"[765fe2f7] HTTP GET https://dns.google/resolve?name=ns4.p68.dns.oraclecloud.net&type=A"}
{"@timestamp":"2025-02-11T07:32:38.432354533+02:00","logger_name":"org.springframework.web.reactive.function.client.ExchangeFunctions","level":"DEBUG","message":"[2b60f6fc] HTTP GET https://dns.google/resolve?name=ns2.p68.dns.oraclecloud.net&type=A"}
{"@timestamp":"2025-02-11T07:32:39.342047096+02:00","logger_name":"org.springframework.web.reactive.function.client.ExchangeFunctions","level":"DEBUG","message":"[6606d2a6] [16c6ae71-1] Response 200 OK"}
{"@timestamp":"2025-02-11T07:32:39.342034123+02:00","logger_name":"org.springframework.web.reactive.function.client.ExchangeFunctions","level":"DEBUG","message":"[22dc277a] [54a9fd82-1] Response 200 OK"}
{"@timestamp":"2025-02-11T07:32:39.342045181+02:00","logger_name":"org.springframework.web.reactive.function.client.ExchangeFunctions","level":"DEBUG","message":"[2b60f6fc] [a045a130-1] Response 200 OK"}
{"@timestamp":"2025-02-11T07:32:39.342038927+02:00","logger_name":"org.springframework.web.reactive.function.client.ExchangeFunctions","level":"DEBUG","message":"[765fe2f7] [45392f0f-1] Response 200 OK"}
{"@timestamp":"2025-02-11T07:32:39.398879664+02:00","logger_name":"org.springframework.web.HttpLogging","level":"DEBUG","message":"[22dc277a] [54a9fd82-1] Decoded [GoogleDnsResponse(nextPageId=null, answer=[ExternalDnsAnswer(name=ns1.p68.dns.oraclecloud.net., type (truncated)...]"}
{"@timestamp":"2025-02-11T07:32:39.398890917+02:00","logger_name":"org.springframework.web.HttpLogging","level":"DEBUG","message":"[765fe2f7] [45392f0f-1] Decoded [GoogleDnsResponse(nextPageId=null, answer=[ExternalDnsAnswer(name=ns4.p68.dns.oraclecloud.net., type (truncated)...]"}
{"@timestamp":"2025-02-11T07:32:39.398879463+02:00","logger_name":"org.springframework.web.HttpLogging","level":"DEBUG","message":"[2b60f6fc] [a045a130-1] Decoded [GoogleDnsResponse(nextPageId=null, answer=[ExternalDnsAnswer(name=ns2.p68.dns.oraclecloud.net., type (truncated)...]"}
{"@timestamp":"2025-02-11T07:32:39.398885293+02:00","logger_name":"org.springframework.web.HttpLogging","level":"DEBUG","message":"[6606d2a6] [16c6ae71-1] Decoded [GoogleDnsResponse(nextPageId=null, answer=[ExternalDnsAnswer(name=ns3.p68.dns.oraclecloud.net., type (truncated)...]"}
{"@timestamp":"2025-02-11T07:32:39.399802806+02:00","logger_name":"org.springframework.web.HttpLogging","level":"DEBUG","message":"[8a2fbedd-7] Encoding [ExternalDnsAnswer(name=ns1.p68.dns.oraclecloud.net., type=1, TTL=1285, data=108.59.161.68)]"}
{"@timestamp":"2025-02-11T07:32:39.40601006+02:00","logger_name":"org.springframework.web.HttpLogging","level":"DEBUG","message":"[8a2fbedd-7] Encoding [ExternalDnsAnswer(name=ns2.p68.dns.oraclecloud.net., type=1, TTL=1251, data=108.59.162.68)]"}
{"@timestamp":"2025-02-11T07:32:39.406751026+02:00","logger_name":"org.springframework.web.HttpLogging","level":"DEBUG","message":"[8a2fbedd-7] Encoding [ExternalDnsAnswer(name=ns3.p68.dns.oraclecloud.net., type=1, TTL=806, data=108.59.163.68)]"}
{"@timestamp":"2025-02-11T07:32:39.407317932+02:00","logger_name":"org.springframework.web.HttpLogging","level":"DEBUG","message":"[8a2fbedd-7] Encoding [ExternalDnsAnswer(name=ns4.p68.dns.oraclecloud.net., type=1, TTL=854, data=108.59.164.68)]"}
{"@timestamp":"2025-02-11T07:32:39.408482642+02:00","logger_name":"org.springframework.web.server.adapter.HttpWebHandlerAdapter","level":"DEBUG","message":"[8a2fbedd-7] Completed 200 OK"}
{"@timestamp":"2025-02-11T07:37:50.679955007+02:00","logger_name":"org.springframework.web.server.adapter.HttpWebHandlerAdapter","level":"DEBUG","message":"[6aa55d5e-8] HTTP GET \"/api/v1/riana/monitoring/zone/external/soa-value?zone=reflex.refinitiv.com\""}
{"@timestamp":"2025-02-11T07:37:50.681917216+02:00","logger_name":"org.springframework.web.reactive.result.method.annotation.RequestMappingHandlerMapping","level":"DEBUG","message":"[6aa55d5e-8] Mapped to io.valentinsoare.rianamonitoringapi.controller.DnsQueryController#getOneZoneWithSoaValueFromExternal(String)"}
{"@timestamp":"2025-02-11T07:37:50.754084128+02:00","logger_name":"org.springframework.web.reactive.function.client.ExchangeFunctions","level":"DEBUG","message":"[5faf3c9e] HTTP GET https://dns.google/resolve?name=reflex.refinitiv.com&type=SOA"}
{"@timestamp":"2025-02-11T07:37:51.178284207+02:00","logger_name":"org.springframework.web.reactive.function.client.ExchangeFunctions","level":"DEBUG","message":"[5faf3c9e] [1ae8c517-1] Response 200 OK"}
{"@timestamp":"2025-02-11T07:37:51.180974551+02:00","logger_name":"org.springframework.web.HttpLogging","level":"DEBUG","message":"[5faf3c9e] [1ae8c517-1] Decoded [GoogleDnsResponse(nextPageId=null, answer=[ExternalDnsAnswer(name=reflex.refinitiv.com., type=6, TTL (truncated)...]"}
{"@timestamp":"2025-02-11T07:37:51.185528109+02:00","logger_name":"org.springframework.web.reactive.result.method.annotation.ResponseEntityResultHandler","level":"DEBUG","message":"[6aa55d5e-8] Using 'application/json' given [*/*] and supported [application/json, application/*+json, application/x-ndjson, text/event-stream]"}
{"@timestamp":"2025-02-11T07:37:51.186092619+02:00","logger_name":"org.springframework.web.reactive.result.method.annotation.ResponseEntityResultHandler","level":"DEBUG","message":"[6aa55d5e-8] 0..1 [io.valentinsoare.rianamonitoringapi.dto.ExternalDnsAnswer]"}
{"@timestamp":"2025-02-11T07:37:51.186800954+02:00","logger_name":"org.springframework.web.HttpLogging","level":"DEBUG","message":"[6aa55d5e-8] Encoding [ExternalDnsAnswer(name=reflex.refinitiv.com., type=6, TTL=300, data=132)]"}
{"@timestamp":"2025-02-11T07:37:51.187880606+02:00","logger_name":"org.springframework.web.server.adapter.HttpWebHandlerAdapter","level":"DEBUG","message":"[6aa55d5e-8] Completed 200 OK"}
